This file contains any messages produced by compilers while
running configure, to aid debugging if configure makes a mistake.

It was created by fuse-tutorial configure 2018-02-04, which was
generated by GNU Autoconf 2.69.  Invocation command line was

  $ ./configure 

## --------- ##
## Platform. ##
## --------- ##

hostname = osp
uname -m = x86_64
uname -r = 4.19.0-14-amd64
uname -s = Linux
uname -v = #1 SMP Debian 4.19.171-2 (2021-01-30)

/usr/bin/uname -p = unknown
/bin/uname -X     = unknown

/bin/arch              = x86_64
/usr/bin/arch -k       = unknown
/usr/convex/getsysinfo = unknown
/usr/bin/hostinfo      = unknown
/bin/machine           = unknown
/usr/bin/oslevel       = unknown
/bin/universe          = unknown

PATH: /usr/local/bin
PATH: /usr/bin
PATH: /bin
PATH: /usr/local/games
PATH: /usr/games


## ----------- ##
## Core tests. ##
## ----------- ##

configure:2378: checking for a BSD-compatible install
configure:2446: result: /usr/bin/install -c
configure:2457: checking whether build environment is sane
configure:2512: result: yes
configure:2661: checking for a thread-safe mkdir -p
configure:2700: result: /usr/bin/mkdir -p
configure:2707: checking for gawk
configure:2737: result: no
configure:2707: checking for mawk
configure:2723: found /usr/bin/mawk
configure:2734: result: mawk
configure:2745: checking whether make sets $(MAKE)
configure:2771: result: no
configure:2796: checking whether make supports nested variables
configure:2813: result: no
configure:2992: checking for gcc
configure:3022: result: no
configure:3085: checking for cc
configure:3132: result: no
configure:3188: checking for cl.exe
configure:3218: result: no
configure:3242: error: in `/home/nofamex/vm_needs/W03/fuse-tutorial-2018-02-04':
configure:3244: error: no acceptable C compiler found in $PATH
See `config.log' for more details

## ---------------- ##
## Cache variables. ##
## ---------------- ##

ac_cv_env_CC_set=
ac_cv_env_CC_value=
ac_cv_env_CFLAGS_set=
ac_cv_env_CFLAGS_value=
ac_cv_env_CPPFLAGS_set=
ac_cv_env_CPPFLAGS_value=
ac_cv_env_CPP_set=
ac_cv_env_CPP_value=
ac_cv_env_FUSE_CFLAGS_set=
ac_cv_env_FUSE_CFLAGS_value=
ac_cv_env_FUSE_LIBS_set=
ac_cv_env_FUSE_LIBS_value=
ac_cv_env_LDFLAGS_set=
ac_cv_env_LDFLAGS_value=
ac_cv_env_LIBS_set=
ac_cv_env_LIBS_value=
ac_cv_env_PKG_CONFIG_LIBDIR_set=
ac_cv_env_PKG_CONFIG_LIBDIR_value=
ac_cv_env_PKG_CONFIG_PATH_set=
ac_cv_env_PKG_CONFIG_PATH_value=
ac_cv_env_PKG_CONFIG_set=
ac_cv_env_PKG_CONFIG_value=
ac_cv_env_build_alias_set=
ac_cv_env_build_alias_value=
ac_cv_env_host_alias_set=
ac_cv_env_host_alias_value=
ac_cv_env_target_alias_set=
ac_cv_env_target_alias_value=
ac_cv_path_install='/usr/bin/install -c'
ac_cv_path_mkdir=/usr/bin/mkdir
ac_cv_prog_AWK=mawk
ac_cv_prog_make_make_set=no
am_cv_make_support_nested_variables=no

## ----------------- ##
## Output variables. ##
## ----------------- ##

ACLOCAL='${SHELL} /home/nofamex/vm_needs/W03/fuse-tutorial-2018-02-04/missing aclocal-1.15'
AMDEPBACKSLASH=''
AMDEP_FALSE=''
AMDEP_TRUE=''
AMTAR='$${TAR-tar}'
AM_BACKSLASH='\'
AM_DEFAULT_V='1'
AM_DEFAULT_VERBOSITY='1'
AM_V='1'
AUTOCONF='${SHELL} /home/nofamex/vm_needs/W03/fuse-tutorial-2018-02-04/missing autoconf'
AUTOHEADER='${SHELL} /home/nofamex/vm_needs/W03/fuse-tutorial-2018-02-04/missing autoheader'
AUTOMAKE='${SHELL} /home/nofamex/vm_needs/W03/fuse-tutorial-2018-02-04/missing automake-1.15'
AWK='mawk'
CC=''
CCDEPMODE=''
CFLAGS=''
CPP=''
CPPFLAGS=''
CYGPATH_W='echo'
DEFS=''
DEPDIR=''
ECHO_C=''
ECHO_N='-n'
ECHO_T=''
EGREP=''
EXEEXT=''
FUSE_CFLAGS=''
FUSE_LIBS=''
GREP=''
INSTALL_DATA='${INSTALL} -m 644'
INSTALL_PROGRAM='${INSTALL}'
INSTALL_SCRIPT='${INSTALL}'
INSTALL_STRIP_PROGRAM='$(install_sh) -c -s'
LDFLAGS=''
LIBOBJS=''
LIBS=''
LTLIBOBJS=''
MAKEINFO='${SHELL} /home/nofamex/vm_needs/W03/fuse-tutorial-2018-02-04/missing makeinfo'
MKDIR_P='/usr/bin/mkdir -p'
OBJEXT=''
PACKAGE='fuse-tutorial'
PACKAGE_BUGREPORT='joseph@pfeifferfamily.net'
PACKAGE_NAME='fuse-tutorial'
PACKAGE_STRING='fuse-tutorial 2018-02-04'
PACKAGE_TARNAME='fuse-tutorial'
PACKAGE_URL=''
PACKAGE_VERSION='2018-02-04'
PATH_SEPARATOR=':'
PKG_CONFIG=''
PKG_CONFIG_LIBDIR=''
PKG_CONFIG_PATH=''
SET_MAKE='MAKE=make'
SHELL='/bin/bash'
STRIP=''
VERSION='2018-02-04'
ac_ct_CC=''
am__EXEEXT_FALSE=''
am__EXEEXT_TRUE=''
am__fastdepCC_FALSE=''
am__fastdepCC_TRUE=''
am__include=''
am__isrc=''
am__leading_dot='.'
am__nodep=''
am__quote=''
am__tar='$${TAR-tar} chof - "$$tardir"'
am__untar='$${TAR-tar} xf -'
bindir='${exec_prefix}/bin'
build_alias=''
datadir='${datarootdir}'
datarootdir='${prefix}/share'
docdir='${datarootdir}/doc/${PACKAGE_TARNAME}'
dvidir='${docdir}'
exec_prefix='NONE'
host_alias=''
htmldir='${docdir}'
includedir='${prefix}/include'
infodir='${datarootdir}/info'
install_sh='${SHELL} /home/nofamex/vm_needs/W03/fuse-tutorial-2018-02-04/install-sh'
libdir='${exec_prefix}/lib'
libexecdir='${exec_prefix}/libexec'
localedir='${datarootdir}/locale'
localstatedir='${prefix}/var'
mandir='${datarootdir}/man'
mkdir_p='$(MKDIR_P)'
oldincludedir='/usr/include'
pdfdir='${docdir}'
prefix='NONE'
program_transform_name='s,x,x,'
psdir='${docdir}'
runstatedir='${localstatedir}/run'
sbindir='${exec_prefix}/sbin'
sharedstatedir='${prefix}/com'
sysconfdir='${prefix}/etc'
target_alias=''

## ----------- ##
## confdefs.h. ##
## ----------- ##

/* confdefs.h */
#define PACKAGE_NAME "fuse-tutorial"
#define PACKAGE_TARNAME "fuse-tutorial"
#define PACKAGE_VERSION "2018-02-04"
#define PACKAGE_STRING "fuse-tutorial 2018-02-04"
#define PACKAGE_BUGREPORT "joseph@pfeifferfamily.net"
#define PACKAGE_URL ""
#define PACKAGE "fuse-tutorial"
#define VERSION "2018-02-04"

configure: exit 1
